<?xml version="1.0" encoding="UTF-8"?>
<testng-results skipped="11" failed="1" total="12" passed="0">
  <reporter-output>
  </reporter-output>
  <suite name="Default suite" duration-ms="82530" started-at="2016-03-21T07:06:55Z" finished-at="2016-03-21T07:08:17Z">
    <groups>
    </groups>
    <test name="Default test" duration-ms="82530" started-at="2016-03-21T07:06:55Z" finished-at="2016-03-21T07:08:17Z">
      <class name="com.quickride.scripts.RidesTest">
        <test-method status="PASS" signature="setobjects()[pri:0, instance:com.quickride.scripts.RidesTest@50f8360d]" name="setobjects" is-config="true" duration-ms="34" started-at="2016-03-21T12:36:55Z" finished-at="2016-03-21T12:36:55Z">
          <reporter-output>
          </reporter-output>
        </test-method> <!-- setobjects -->
        <test-method status="PASS" signature="setUp()[pri:0, instance:com.quickride.scripts.RidesTest@50f8360d]" name="setUp" is-config="true" duration-ms="77094" started-at="2016-03-21T12:36:55Z" finished-at="2016-03-21T12:38:12Z">
          <reporter-output>
          </reporter-output>
        </test-method> <!-- setUp -->
        <test-method status="FAIL" signature="testScheduledStatusRider()[pri:1, instance:com.quickride.scripts.RidesTest@50f8360d]" name="testScheduledStatusRider" duration-ms="4191" started-at="2016-03-21T12:38:12Z" finished-at="2016-03-21T12:38:16Z">
          <exception class="java.lang.AssertionError">
            <message>
              <![CDATA[null]]>
            </message>
            <full-stacktrace>
              <![CDATA[java.lang.AssertionError: null
	at org.testng.Assert.fail(Assert.java:94)
	at org.testng.Assert.fail(Assert.java:101)
	at com.quickride.scripts.RidesTest.testScheduledStatusRider(RidesTest.java:74)
	at sun.reflect.NativeMethodAccessorImpl.invoke0(Native Method)
	at sun.reflect.NativeMethodAccessorImpl.invoke(NativeMethodAccessorImpl.java:62)
	at sun.reflect.DelegatingMethodAccessorImpl.invoke(DelegatingMethodAccessorImpl.java:43)
	at java.lang.reflect.Method.invoke(Method.java:497)
	at org.testng.internal.MethodInvocationHelper.invokeMethod(MethodInvocationHelper.java:86)
	at org.testng.internal.Invoker.invokeMethod(Invoker.java:643)
	at org.testng.internal.Invoker.invokeTestMethod(Invoker.java:820)
	at org.testng.internal.Invoker.invokeTestMethods(Invoker.java:1128)
	at org.testng.internal.TestMethodWorker.invokeTestMethods(TestMethodWorker.java:129)
	at org.testng.internal.TestMethodWorker.run(TestMethodWorker.java:112)
	at org.testng.TestRunner.privateRun(TestRunner.java:782)
	at org.testng.TestRunner.run(TestRunner.java:632)
	at org.testng.SuiteRunner.runTest(SuiteRunner.java:366)
	at org.testng.SuiteRunner.runSequentially(SuiteRunner.java:361)
	at org.testng.SuiteRunner.privateRun(SuiteRunner.java:319)
	at org.testng.SuiteRunner.run(SuiteRunner.java:268)
	at org.testng.SuiteRunnerWorker.runSuite(SuiteRunnerWorker.java:52)
	at org.testng.SuiteRunnerWorker.run(SuiteRunnerWorker.java:86)
	at org.testng.TestNG.runSuitesSequentially(TestNG.java:1244)
	at org.testng.TestNG.runSuitesLocally(TestNG.java:1169)
	at org.testng.TestNG.run(TestNG.java:1064)
	at org.testng.remote.RemoteTestNG.run(RemoteTestNG.java:113)
	at org.testng.remote.RemoteTestNG.initAndRun(RemoteTestNG.java:206)
	at org.testng.remote.RemoteTestNG.main(RemoteTestNG.java:177)
]]>
            </full-stacktrace>
          </exception> <!-- java.lang.AssertionError -->
          <reporter-output>
          </reporter-output>
        </test-method> <!-- testScheduledStatusRider -->
        <test-method status="FAIL" signature="tearDown()[pri:0, instance:com.quickride.scripts.RidesTest@50f8360d]" name="tearDown" is-config="true" duration-ms="0" started-at="2016-03-21T12:38:16Z" finished-at="2016-03-21T12:38:16Z">
          <exception class="org.openqa.selenium.remote.UnreachableBrowserException">
            <message>
              <![CDATA[Error communicating with the remote browser. It may have died.
Build info: version: '2.47.1', revision: 'unknown', time: '2015-07-30 11:02:44'
System info: host: 'CBT-077', ip: '10.10.4.144', os.name: 'Windows 8.1', os.arch: 'amd64', os.version: '6.3', java.version: '1.8.0_60'
Driver info: driver.version: RemoteWebDriver]]>
            </message>
            <full-stacktrace>
              <![CDATA[org.openqa.selenium.remote.UnreachableBrowserException: Error communicating with the remote browser. It may have died.
Build info: version: '2.47.1', revision: 'unknown', time: '2015-07-30 11:02:44'
System info: host: 'CBT-077', ip: '10.10.4.144', os.name: 'Windows 8.1', os.arch: 'amd64', os.version: '6.3', java.version: '1.8.0_60'
Driver info: driver.version: RemoteWebDriver
	at org.openqa.selenium.remote.RemoteWebDriver.execute(RemoteWebDriver.java:589)
	at io.appium.java_client.DefaultGenericMobileDriver.execute(DefaultGenericMobileDriver.java:42)
	at io.appium.java_client.AppiumDriver.execute(AppiumDriver.java:189)
	at org.openqa.selenium.remote.RemoteWebDriver.quit(RemoteWebDriver.java:464)
	at com.quickride.baselib.QRBaseLib.tearDown(QRBaseLib.java:70)
	at sun.reflect.NativeMethodAccessorImpl.invoke0(Native Method)
	at sun.reflect.NativeMethodAccessorImpl.invoke(NativeMethodAccessorImpl.java:62)
	at sun.reflect.DelegatingMethodAccessorImpl.invoke(DelegatingMethodAccessorImpl.java:43)
	at java.lang.reflect.Method.invoke(Method.java:497)
	at org.testng.internal.MethodInvocationHelper.invokeMethod(MethodInvocationHelper.java:86)
	at org.testng.internal.Invoker.invokeConfigurationMethod(Invoker.java:514)
	at org.testng.internal.Invoker.invokeConfigurations(Invoker.java:215)
	at org.testng.internal.Invoker.invokeMethod(Invoker.java:707)
	at org.testng.internal.Invoker.invokeTestMethod(Invoker.java:820)
	at org.testng.internal.Invoker.invokeTestMethods(Invoker.java:1128)
	at org.testng.internal.TestMethodWorker.invokeTestMethods(TestMethodWorker.java:129)
	at org.testng.internal.TestMethodWorker.run(TestMethodWorker.java:112)
	at org.testng.TestRunner.privateRun(TestRunner.java:782)
	at org.testng.TestRunner.run(TestRunner.java:632)
	at org.testng.SuiteRunner.runTest(SuiteRunner.java:366)
	at org.testng.SuiteRunner.runSequentially(SuiteRunner.java:361)
	at org.testng.SuiteRunner.privateRun(SuiteRunner.java:319)
	at org.testng.SuiteRunner.run(SuiteRunner.java:268)
	at org.testng.SuiteRunnerWorker.runSuite(SuiteRunnerWorker.java:52)
	at org.testng.SuiteRunnerWorker.run(SuiteRunnerWorker.java:86)
	at org.testng.TestNG.runSuitesSequentially(TestNG.java:1244)
	at org.testng.TestNG.runSuitesLocally(TestNG.java:1169)
	at org.testng.TestNG.run(TestNG.java:1064)
	at org.testng.remote.RemoteTestNG.run(RemoteTestNG.java:113)
	at org.testng.remote.RemoteTestNG.initAndRun(RemoteTestNG.java:206)
	at org.testng.remote.RemoteTestNG.main(RemoteTestNG.java:177)
Caused by: org.openqa.selenium.WebDriverException: org.apache.http.conn.HttpHostConnectException: Connect to 127.0.0.1:4723 [/127.0.0.1] failed: Connection refused: connect
Build info: version: '2.47.1', revision: 'unknown', time: '2015-07-30 11:02:44'
System info: host: 'CBT-077', ip: '10.10.4.144', os.name: 'Windows 8.1', os.arch: 'amd64', os.version: '6.3', java.version: '1.8.0_60'
Driver info: driver.version: RemoteWebDriver
	at io.appium.java_client.remote.AppiumCommandExecutor.execute(AppiumCommandExecutor.java:64)
	at org.openqa.selenium.remote.RemoteWebDriver.execute(RemoteWebDriver.java:568)
	... 30 more
Caused by: org.apache.http.conn.HttpHostConnectException: Connect to 127.0.0.1:4723 [/127.0.0.1] failed: Connection refused: connect
	at org.apache.http.impl.conn.HttpClientConnectionOperator.connect(HttpClientConnectionOperator.java:140)
	at org.apache.http.impl.conn.PoolingHttpClientConnectionManager.connect(PoolingHttpClientConnectionManager.java:314)
	at org.apache.http.impl.execchain.MainClientExec.establishRoute(MainClientExec.java:363)
	at org.apache.http.impl.execchain.MainClientExec.execute(MainClientExec.java:219)
	at org.apache.http.impl.execchain.ProtocolExec.execute(ProtocolExec.java:195)
	at org.apache.http.impl.execchain.RetryExec.execute(RetryExec.java:86)
	at org.apache.http.impl.execchain.RedirectExec.execute(RedirectExec.java:108)
	at org.apache.http.impl.client.InternalHttpClient.doExecute(InternalHttpClient.java:186)
	at org.apache.http.impl.client.CloseableHttpClient.execute(CloseableHttpClient.java:72)
	at org.apache.http.impl.client.CloseableHttpClient.execute(CloseableHttpClient.java:57)
	at org.openqa.selenium.remote.internal.ApacheHttpClient.fallBackExecute(ApacheHttpClient.java:143)
	at org.openqa.selenium.remote.internal.ApacheHttpClient.execute(ApacheHttpClient.java:89)
	at org.openqa.selenium.remote.HttpCommandExecutor.execute(HttpCommandExecutor.java:134)
	at io.appium.java_client.remote.AppiumCommandExecutor.execute(AppiumCommandExecutor.java:52)
	... 31 more
Caused by: java.net.ConnectException: Connection refused: connect
	at java.net.DualStackPlainSocketImpl.waitForConnect(Native Method)
	at java.net.DualStackPlainSocketImpl.socketConnect(DualStackPlainSocketImpl.java:85)
	at java.net.AbstractPlainSocketImpl.doConnect(AbstractPlainSocketImpl.java:350)
	at java.net.AbstractPlainSocketImpl.connectToAddress(AbstractPlainSocketImpl.java:206)
	at java.net.AbstractPlainSocketImpl.connect(AbstractPlainSocketImpl.java:188)
	at java.net.PlainSocketImpl.connect(PlainSocketImpl.java:172)
	at java.net.SocksSocketImpl.connect(SocksSocketImpl.java:392)
	at java.net.Socket.connect(Socket.java:589)
	at org.apache.http.conn.socket.PlainConnectionSocketFactory.connectSocket(PlainConnectionSocketFactory.java:72)
	at org.apache.http.impl.conn.HttpClientConnectionOperator.connect(HttpClientConnectionOperator.java:117)
	... 44 more
]]>
            </full-stacktrace>
          </exception> <!-- org.openqa.selenium.remote.UnreachableBrowserException -->
          <reporter-output>
          </reporter-output>
        </test-method> <!-- tearDown -->
        <test-method status="SKIP" signature="setUp()[pri:0, instance:com.quickride.scripts.RidesTest@50f8360d]" name="setUp" is-config="true" duration-ms="0" started-at="2016-03-21T12:38:17Z" finished-at="2016-03-21T12:38:17Z">
          <reporter-output>
          </reporter-output>
        </test-method> <!-- setUp -->
        <test-method status="SKIP" signature="testScheduledStatusPassenger()[pri:2, instance:com.quickride.scripts.RidesTest@50f8360d]" name="testScheduledStatusPassenger" duration-ms="2" started-at="2016-03-21T12:38:17Z" finished-at="2016-03-21T12:38:17Z">
          <reporter-output>
          </reporter-output>
        </test-method> <!-- testScheduledStatusPassenger -->
        <test-method status="SKIP" signature="tearDown()[pri:0, instance:com.quickride.scripts.RidesTest@50f8360d]" name="tearDown" is-config="true" duration-ms="0" started-at="2016-03-21T12:38:17Z" finished-at="2016-03-21T12:38:17Z">
          <reporter-output>
          </reporter-output>
        </test-method> <!-- tearDown -->
        <test-method status="SKIP" signature="setUp()[pri:0, instance:com.quickride.scripts.RidesTest@50f8360d]" name="setUp" is-config="true" duration-ms="0" started-at="2016-03-21T12:38:17Z" finished-at="2016-03-21T12:38:17Z">
          <reporter-output>
          </reporter-output>
        </test-method> <!-- setUp -->
        <test-method status="SKIP" signature="testStartedStatusRider()[pri:3, instance:com.quickride.scripts.RidesTest@50f8360d]" name="testStartedStatusRider" duration-ms="3" started-at="2016-03-21T12:38:17Z" finished-at="2016-03-21T12:38:17Z">
          <reporter-output>
          </reporter-output>
        </test-method> <!-- testStartedStatusRider -->
        <test-method status="SKIP" signature="tearDown()[pri:0, instance:com.quickride.scripts.RidesTest@50f8360d]" name="tearDown" is-config="true" duration-ms="0" started-at="2016-03-21T12:38:17Z" finished-at="2016-03-21T12:38:17Z">
          <reporter-output>
          </reporter-output>
        </test-method> <!-- tearDown -->
        <test-method status="SKIP" signature="setUp()[pri:0, instance:com.quickride.scripts.RidesTest@50f8360d]" name="setUp" is-config="true" duration-ms="0" started-at="2016-03-21T12:38:17Z" finished-at="2016-03-21T12:38:17Z">
          <reporter-output>
          </reporter-output>
        </test-method> <!-- setUp -->
        <test-method status="SKIP" signature="testStartedStatusPassenger()[pri:4, instance:com.quickride.scripts.RidesTest@50f8360d]" name="testStartedStatusPassenger" duration-ms="6" started-at="2016-03-21T12:38:17Z" finished-at="2016-03-21T12:38:17Z">
          <reporter-output>
          </reporter-output>
        </test-method> <!-- testStartedStatusPassenger -->
        <test-method status="SKIP" signature="tearDown()[pri:0, instance:com.quickride.scripts.RidesTest@50f8360d]" name="tearDown" is-config="true" duration-ms="0" started-at="2016-03-21T12:38:17Z" finished-at="2016-03-21T12:38:17Z">
          <reporter-output>
          </reporter-output>
        </test-method> <!-- tearDown -->
        <test-method status="SKIP" signature="setUp()[pri:0, instance:com.quickride.scripts.RidesTest@50f8360d]" name="setUp" is-config="true" duration-ms="0" started-at="2016-03-21T12:38:17Z" finished-at="2016-03-21T12:38:17Z">
          <reporter-output>
          </reporter-output>
        </test-method> <!-- setUp -->
        <test-method status="SKIP" signature="testRequestedStatusRider()[pri:5, instance:com.quickride.scripts.RidesTest@50f8360d]" name="testRequestedStatusRider" duration-ms="4" started-at="2016-03-21T12:38:17Z" finished-at="2016-03-21T12:38:17Z">
          <reporter-output>
          </reporter-output>
        </test-method> <!-- testRequestedStatusRider -->
        <test-method status="SKIP" signature="tearDown()[pri:0, instance:com.quickride.scripts.RidesTest@50f8360d]" name="tearDown" is-config="true" duration-ms="0" started-at="2016-03-21T12:38:17Z" finished-at="2016-03-21T12:38:17Z">
          <reporter-output>
          </reporter-output>
        </test-method> <!-- tearDown -->
        <test-method status="SKIP" signature="setUp()[pri:0, instance:com.quickride.scripts.RidesTest@50f8360d]" name="setUp" is-config="true" duration-ms="0" started-at="2016-03-21T12:38:17Z" finished-at="2016-03-21T12:38:17Z">
          <reporter-output>
          </reporter-output>
        </test-method> <!-- setUp -->
        <test-method status="SKIP" signature="testRequestedStatusPassenger()[pri:6, instance:com.quickride.scripts.RidesTest@50f8360d]" name="testRequestedStatusPassenger" duration-ms="1" started-at="2016-03-21T12:38:17Z" finished-at="2016-03-21T12:38:17Z">
          <reporter-output>
          </reporter-output>
        </test-method> <!-- testRequestedStatusPassenger -->
        <test-method status="SKIP" signature="tearDown()[pri:0, instance:com.quickride.scripts.RidesTest@50f8360d]" name="tearDown" is-config="true" duration-ms="0" started-at="2016-03-21T12:38:17Z" finished-at="2016-03-21T12:38:17Z">
          <reporter-output>
          </reporter-output>
        </test-method> <!-- tearDown -->
        <test-method status="SKIP" signature="setUp()[pri:0, instance:com.quickride.scripts.RidesTest@50f8360d]" name="setUp" is-config="true" duration-ms="0" started-at="2016-03-21T12:38:17Z" finished-at="2016-03-21T12:38:17Z">
          <reporter-output>
          </reporter-output>
        </test-method> <!-- setUp -->
        <test-method status="SKIP" signature="testCompletedStatusRider()[pri:7, instance:com.quickride.scripts.RidesTest@50f8360d]" name="testCompletedStatusRider" duration-ms="1" started-at="2016-03-21T12:38:17Z" finished-at="2016-03-21T12:38:17Z">
          <reporter-output>
          </reporter-output>
        </test-method> <!-- testCompletedStatusRider -->
        <test-method status="SKIP" signature="tearDown()[pri:0, instance:com.quickride.scripts.RidesTest@50f8360d]" name="tearDown" is-config="true" duration-ms="0" started-at="2016-03-21T12:38:17Z" finished-at="2016-03-21T12:38:17Z">
          <reporter-output>
          </reporter-output>
        </test-method> <!-- tearDown -->
        <test-method status="SKIP" signature="setUp()[pri:0, instance:com.quickride.scripts.RidesTest@50f8360d]" name="setUp" is-config="true" duration-ms="0" started-at="2016-03-21T12:38:17Z" finished-at="2016-03-21T12:38:17Z">
          <reporter-output>
          </reporter-output>
        </test-method> <!-- setUp -->
        <test-method status="SKIP" signature="testCompletedStatusPassenger()[pri:8, instance:com.quickride.scripts.RidesTest@50f8360d]" name="testCompletedStatusPassenger" duration-ms="1" started-at="2016-03-21T12:38:17Z" finished-at="2016-03-21T12:38:17Z">
          <reporter-output>
          </reporter-output>
        </test-method> <!-- testCompletedStatusPassenger -->
        <test-method status="SKIP" signature="tearDown()[pri:0, instance:com.quickride.scripts.RidesTest@50f8360d]" name="tearDown" is-config="true" duration-ms="0" started-at="2016-03-21T12:38:17Z" finished-at="2016-03-21T12:38:17Z">
          <reporter-output>
          </reporter-output>
        </test-method> <!-- tearDown -->
        <test-method status="SKIP" signature="setUp()[pri:0, instance:com.quickride.scripts.RidesTest@50f8360d]" name="setUp" is-config="true" duration-ms="0" started-at="2016-03-21T12:38:17Z" finished-at="2016-03-21T12:38:17Z">
          <reporter-output>
          </reporter-output>
        </test-method> <!-- setUp -->
        <test-method status="SKIP" signature="testCancelledStsRider()[pri:9, instance:com.quickride.scripts.RidesTest@50f8360d]" name="testCancelledStsRider" duration-ms="1" started-at="2016-03-21T12:38:17Z" finished-at="2016-03-21T12:38:17Z">
          <reporter-output>
          </reporter-output>
        </test-method> <!-- testCancelledStsRider -->
        <test-method status="SKIP" signature="tearDown()[pri:0, instance:com.quickride.scripts.RidesTest@50f8360d]" name="tearDown" is-config="true" duration-ms="0" started-at="2016-03-21T12:38:17Z" finished-at="2016-03-21T12:38:17Z">
          <reporter-output>
          </reporter-output>
        </test-method> <!-- tearDown -->
        <test-method status="SKIP" signature="setUp()[pri:0, instance:com.quickride.scripts.RidesTest@50f8360d]" name="setUp" is-config="true" duration-ms="0" started-at="2016-03-21T12:38:17Z" finished-at="2016-03-21T12:38:17Z">
          <reporter-output>
          </reporter-output>
        </test-method> <!-- setUp -->
        <test-method status="SKIP" signature="testCancelledStsPassenger()[pri:10, instance:com.quickride.scripts.RidesTest@50f8360d]" name="testCancelledStsPassenger" duration-ms="0" started-at="2016-03-21T12:38:17Z" finished-at="2016-03-21T12:38:17Z">
          <reporter-output>
          </reporter-output>
        </test-method> <!-- testCancelledStsPassenger -->
        <test-method status="SKIP" signature="tearDown()[pri:0, instance:com.quickride.scripts.RidesTest@50f8360d]" name="tearDown" is-config="true" duration-ms="0" started-at="2016-03-21T12:38:17Z" finished-at="2016-03-21T12:38:17Z">
          <reporter-output>
          </reporter-output>
        </test-method> <!-- tearDown -->
        <test-method status="SKIP" signature="setUp()[pri:0, instance:com.quickride.scripts.RidesTest@50f8360d]" name="setUp" is-config="true" duration-ms="0" started-at="2016-03-21T12:38:17Z" finished-at="2016-03-21T12:38:17Z">
          <reporter-output>
          </reporter-output>
        </test-method> <!-- setUp -->
        <test-method status="SKIP" signature="testPassengerCancelStatus()[pri:11, instance:com.quickride.scripts.RidesTest@50f8360d]" name="testPassengerCancelStatus" duration-ms="0" started-at="2016-03-21T12:38:17Z" finished-at="2016-03-21T12:38:17Z">
          <reporter-output>
          </reporter-output>
        </test-method> <!-- testPassengerCancelStatus -->
        <test-method status="SKIP" signature="tearDown()[pri:0, instance:com.quickride.scripts.RidesTest@50f8360d]" name="tearDown" is-config="true" duration-ms="0" started-at="2016-03-21T12:38:17Z" finished-at="2016-03-21T12:38:17Z">
          <reporter-output>
          </reporter-output>
        </test-method> <!-- tearDown -->
        <test-method status="SKIP" signature="setUp()[pri:0, instance:com.quickride.scripts.RidesTest@50f8360d]" name="setUp" is-config="true" duration-ms="0" started-at="2016-03-21T12:38:17Z" finished-at="2016-03-21T12:38:17Z">
          <reporter-output>
          </reporter-output>
        </test-method> <!-- setUp -->
        <test-method status="SKIP" signature="testRiderAcceptsPassengerCancelsSts()[pri:12, instance:com.quickride.scripts.RidesTest@50f8360d]" name="testRiderAcceptsPassengerCancelsSts" duration-ms="1" started-at="2016-03-21T12:38:17Z" finished-at="2016-03-21T12:38:17Z">
          <reporter-output>
          </reporter-output>
        </test-method> <!-- testRiderAcceptsPassengerCancelsSts -->
        <test-method status="SKIP" signature="tearDown()[pri:0, instance:com.quickride.scripts.RidesTest@50f8360d]" name="tearDown" is-config="true" duration-ms="0" started-at="2016-03-21T12:38:17Z" finished-at="2016-03-21T12:38:17Z">
          <reporter-output>
          </reporter-output>
        </test-method> <!-- tearDown -->
      </class> <!-- com.quickride.scripts.RidesTest -->
    </test> <!-- Default test -->
  </suite> <!-- Default suite -->
</testng-results>
